Determining if the pthread_create exist failed with the following output:
Change Dir: /home/neo/CLionProjects/Advanced_C-/vector/CMakeFiles/CMakeTmp

Run Build Command:"/usr/bin/make" "cmTC_d2cce/fast"
/usr/bin/make -f CMakeFiles/cmTC_d2cce.dir/build.make CMakeFiles/cmTC_d2cce.dir/build
make[1]: Entering directory '/home/neo/CLionProjects/Advanced_C-/vector/CMakeFiles/CMakeTmp'
Building C object CMakeFiles/cmTC_d2cce.dir/CheckSymbolExists.c.o
/usr/bin/cc    -o CMakeFiles/cmTC_d2cce.dir/CheckSymbolExists.c.o   -c /home/neo/CLionProjects/Advanced_C-/vector/CMakeFiles/CMakeTmp/CheckSymbolExists.c
Linking C executable cmTC_d2cce
/home/neo/clion-2017.2.1/bin/cmake/bin/cmake -E cmake_link_script CMakeFiles/cmTC_d2cce.dir/link.txt --verbose=1
/usr/bin/cc      CMakeFiles/cmTC_d2cce.dir/CheckSymbolExists.c.o  -o cmTC_d2cce 
CMakeFiles/cmTC_d2cce.dir/CheckSymbolExists.c.o: In function `main':
CheckSymbolExists.c:(.text+0x16): undefined reference to `pthread_create'
collect2: error: ld returned 1 exit status
CMakeFiles/cmTC_d2cce.dir/build.make:97: recipe for target 'cmTC_d2cce' failed
make[1]: *** [cmTC_d2cce] Error 1
make[1]: Leaving directory '/home/neo/CLionProjects/Advanced_C-/vector/CMakeFiles/CMakeTmp'
Makefile:126: recipe for target 'cmTC_d2cce/fast' failed
make: *** [cmTC_d2cce/fast] Error 2

File /home/neo/CLionProjects/Advanced_C-/vector/CMakeFiles/CMakeTmp/CheckSymbolExists.c:
/* */
#include <pthread.h>

int main(int argc, char** argv)
{
  (void)argv;
#ifndef pthread_create
  return ((int*)(&pthread_create))[argc];
#else
  (void)argc;
  return 0;
#endif
}

Determining if the function pthread_create exists in the pthreads failed with the following output:
Change Dir: /home/neo/CLionProjects/Advanced_C-/vector/CMakeFiles/CMakeTmp

Run Build Command:"/usr/bin/make" "cmTC_2ee01/fast"
/usr/bin/make -f CMakeFiles/cmTC_2ee01.dir/build.make CMakeFiles/cmTC_2ee01.dir/build
make[1]: Entering directory '/home/neo/CLionProjects/Advanced_C-/vector/CMakeFiles/CMakeTmp'
Building C object CMakeFiles/cmTC_2ee01.dir/CheckFunctionExists.c.o
/usr/bin/cc   -DCHECK_FUNCTION_EXISTS=pthread_create   -o CMakeFiles/cmTC_2ee01.dir/CheckFunctionExists.c.o   -c /home/neo/clion-2017.2.1/bin/cmake/share/cmake-3.8/Modules/CheckFunctionExists.c
Linking C executable cmTC_2ee01
/home/neo/clion-2017.2.1/bin/cmake/bin/cmake -E cmake_link_script CMakeFiles/cmTC_2ee01.dir/link.txt --verbose=1
/usr/bin/cc  -DCHECK_FUNCTION_EXISTS=pthread_create    CMakeFiles/cmTC_2ee01.dir/CheckFunctionExists.c.o  -o cmTC_2ee01 -lpthreads 
/usr/bin/ld: cannot find -lpthreads
collect2: error: ld returned 1 exit status
CMakeFiles/cmTC_2ee01.dir/build.make:97: recipe for target 'cmTC_2ee01' failed
make[1]: *** [cmTC_2ee01] Error 1
make[1]: Leaving directory '/home/neo/CLionProjects/Advanced_C-/vector/CMakeFiles/CMakeTmp'
Makefile:126: recipe for target 'cmTC_2ee01/fast' failed
make: *** [cmTC_2ee01/fast] Error 2


